<?xml version="1.0" encoding="UTF-8" ?>
<testsuite tests="10" failures="0" name="runners.TestRunner" time="0.05" errors="2" skipped="0">
  <properties>
[...]
</properties>
  <testcase classname="| valid | 4811111111111114 | 1224 |" name="Given User is on Home Page" time="0.004"/>
  <testcase classname="| valid | 4811111111111114 | 1224 |" name="When User add items to cart" time="0"/>
  <testcase classname="| valid | 4811111111111114 | 1224 |" name="And User proceed to payment with &quot;4811111111111114&quot; and &quot;1224&quot;" time="0"/>
  <testcase classname="| valid | 4811111111111114 | 1224 |" name="And User Enter OTP" time="0.001"/>
  <testcase classname="| valid | 4811111111111114 | 1224 |" name="| valid | 4811111111111114 | 1224 |" time="0.005"/>
  <testcase classname="| Invalid | 4811111111111113 | 0220 |" name="Given User is on Home Page" time="0"/>
  <testcase classname="| Invalid | 4811111111111113 | 0220 |" name="When User add items to cart" time="0"/>
  <testcase classname="| Invalid | 4811111111111113 | 0220 |" name="And User proceed to payment with &quot;4811111111111113&quot; and &quot;0220&quot;" time="0"/>
  <testcase classname="| Invalid | 4811111111111113 | 0220 |" name="And User Enter OTP" time="0.019">
    <error message="Session ID is null. Using WebDriver after calling quit()?
Build info: version: &apos;3.7.0&apos;, revision: &apos;2321c73&apos;, time: &apos;2017-11-02T22:22:35.584Z&apos;
System info: host: &apos;Manishs-MacBook-Air.local&apos;, ip: &apos;fe80:0:0:0:9d:de93:e210:faf7%en0&apos;, os.name: &apos;Mac OS X&apos;, os.arch: &apos;x86_64&apos;, os.version: &apos;10.15.6&apos;, java.version: &apos;14.0.1&apos;
Driver info: driver.version: RemoteWebDriver" type="org.openqa.selenium.NoSuchSessionException">org.openqa.selenium.NoSuchSessionException: Session ID is null. Using WebDriver after calling quit()?
Build info: version: &apos;3.7.0&apos;, revision: &apos;2321c73&apos;, time: &apos;2017-11-02T22:22:35.584Z&apos;
System info: host: &apos;Manishs-MacBook-Air.local&apos;, ip: &apos;fe80:0:0:0:9d:de93:e210:faf7%en0&apos;, os.name: &apos;Mac OS X&apos;, os.arch: &apos;x86_64&apos;, os.version: &apos;10.15.6&apos;, java.version: &apos;14.0.1&apos;
Driver info: driver.version: RemoteWebDriver
	at org.openqa.selenium.remote.HttpCommandExecutor.execute(HttpCommandExecutor.java:131)
	at org.openqa.selenium.remote.service.DriverCommandExecutor.execute(DriverCommandExecutor.java:83)
	at org.openqa.selenium.remote.RemoteWebDriver.execute(RemoteWebDriver.java:600)
	at org.openqa.selenium.remote.RemoteWebDriver.findElement(RemoteWebDriver.java:370)
	at org.openqa.selenium.remote.RemoteWebDriver.findElementByXPath(RemoteWebDriver.java:472)
	at org.openqa.selenium.By$ByXPath.findElement(By.java:361)
	at org.openqa.selenium.remote.RemoteWebDriver.findElement(RemoteWebDriver.java:362)
	at org.openqa.selenium.support.pagefactory.DefaultElementLocator.findElement(DefaultElementLocator.java:69)
	at org.openqa.selenium.support.pagefactory.internal.LocatingElementHandler.invoke(LocatingElementHandler.java:38)
	at com.sun.proxy.$Proxy20.sendKeys(Unknown Source)
	at pageObjects.OTPPage.OTPEnter(OTPPage.java:21)
	at stepDefinitions.Steps.user_Enter_OTP(Steps.java:88)
	at ✽.And User Enter OTP(End2End_Tests.feature:8)
</error>
  </testcase>
  <testcase classname="| Invalid | 4811111111111113 | 0220 |" name="| Invalid | 4811111111111113 | 0220 |" time="0.021">
    <error message="Session ID is null. Using WebDriver after calling quit()?
Build info: version: &apos;3.7.0&apos;, revision: &apos;2321c73&apos;, time: &apos;2017-11-02T22:22:35.584Z&apos;
System info: host: &apos;Manishs-MacBook-Air.local&apos;, ip: &apos;fe80:0:0:0:9d:de93:e210:faf7%en0&apos;, os.name: &apos;Mac OS X&apos;, os.arch: &apos;x86_64&apos;, os.version: &apos;10.15.6&apos;, java.version: &apos;14.0.1&apos;
Driver info: driver.version: RemoteWebDriver" type="org.openqa.selenium.NoSuchSessionException">org.openqa.selenium.NoSuchSessionException: Session ID is null. Using WebDriver after calling quit()?
Build info: version: &apos;3.7.0&apos;, revision: &apos;2321c73&apos;, time: &apos;2017-11-02T22:22:35.584Z&apos;
System info: host: &apos;Manishs-MacBook-Air.local&apos;, ip: &apos;fe80:0:0:0:9d:de93:e210:faf7%en0&apos;, os.name: &apos;Mac OS X&apos;, os.arch: &apos;x86_64&apos;, os.version: &apos;10.15.6&apos;, java.version: &apos;14.0.1&apos;
Driver info: driver.version: RemoteWebDriver
	at org.openqa.selenium.remote.HttpCommandExecutor.execute(HttpCommandExecutor.java:131)
	at org.openqa.selenium.remote.service.DriverCommandExecutor.execute(DriverCommandExecutor.java:83)
	at org.openqa.selenium.remote.RemoteWebDriver.execute(RemoteWebDriver.java:600)
	at org.openqa.selenium.remote.RemoteWebDriver.findElement(RemoteWebDriver.java:370)
	at org.openqa.selenium.remote.RemoteWebDriver.findElementByXPath(RemoteWebDriver.java:472)
	at org.openqa.selenium.By$ByXPath.findElement(By.java:361)
	at org.openqa.selenium.remote.RemoteWebDriver.findElement(RemoteWebDriver.java:362)
	at org.openqa.selenium.support.pagefactory.DefaultElementLocator.findElement(DefaultElementLocator.java:69)
	at org.openqa.selenium.support.pagefactory.internal.LocatingElementHandler.invoke(LocatingElementHandler.java:38)
	at com.sun.proxy.$Proxy20.sendKeys(Unknown Source)
	at pageObjects.OTPPage.OTPEnter(OTPPage.java:21)
	at stepDefinitions.Steps.user_Enter_OTP(Steps.java:88)
	at ✽.And User Enter OTP(End2End_Tests.feature:8)
</error>
  </testcase>
</testsuite>